\BOOKMARK [0][-]{chapter.1}{Introduction}{}% 1
\BOOKMARK [1][-]{section.1.1}{Motivation and Task}{chapter.1}% 2
\BOOKMARK [1][-]{section.1.2}{Structure}{chapter.1}% 3
\BOOKMARK [0][-]{chapter.2}{Related work}{}% 4
\BOOKMARK [0][-]{chapter.3}{Simulation Physics}{}% 5
\BOOKMARK [1][-]{section.3.1}{Single Body Dynamics}{chapter.3}% 6
\BOOKMARK [1][-]{section.3.2}{Interacting with Rigid and Deformable Bodies}{chapter.3}% 7
\BOOKMARK [1][-]{section.3.3}{Time Integration}{chapter.3}% 8
\BOOKMARK [0][-]{chapter.4}{Collision Detection}{}% 9
\BOOKMARK [1][-]{section.4.1}{Broad and Narrow Phase}{chapter.4}% 10
\BOOKMARK [1][-]{section.4.2}{Discrete Collision Detection}{chapter.4}% 11
\BOOKMARK [1][-]{section.4.3}{Continuous Collision Detection}{chapter.4}% 12
\BOOKMARK [1][-]{section.4.4}{CCD Acceleration with Axis Aligned Bounding Boxes}{chapter.4}% 13
\BOOKMARK [0][-]{chapter.5}{Collision Handling with Penalty Methods}{}% 14
\BOOKMARK [1][-]{section.5.1}{Discrete Penalty Forces}{chapter.5}% 15
\BOOKMARK [1][-]{section.5.2}{Continuous Penalty Forces}{chapter.5}% 16
\BOOKMARK [1][-]{section.5.3}{Friction}{chapter.5}% 17
\BOOKMARK [0][-]{chapter.6}{Robust handling of enduring contacts}{}% 18
\BOOKMARK [1][-]{section.6.1}{CPF Artifacts}{chapter.6}% 19
\BOOKMARK [1][-]{section.6.2}{CPF Extensions}{chapter.6}% 20
\BOOKMARK [0][-]{chapter.7}{Results}{}% 21
\BOOKMARK [1][-]{section.7.1}{Stability}{chapter.7}% 22
\BOOKMARK [1][-]{section.7.2}{Contact Redefinition}{chapter.7}% 23
\BOOKMARK [1][-]{section.7.3}{Friction}{chapter.7}% 24
\BOOKMARK [1][-]{section.7.4}{Computational Cost}{chapter.7}% 25
\BOOKMARK [0][-]{chapter.8}{Discussion}{}% 26
\BOOKMARK [0][-]{section*.16}{Bibliography}{}% 27
