This is pdfTeX, Version 3.14159265-2.6-1.40.16 (MiKTeX 2.9) (preloaded format=pdflatex 2015.11.10)  12 NOV 2015 12:37
entering extended mode
**index
(index.tex
LaTeX2e <2015/10/01> patch level 1
Babel <3.9m> and hyphenation patterns for 69 languages loaded.
(D:\Users\stange\AppData\Roaming\MiKTeX\2.9\tex\latex\koma-script\scrreprt.cls
Document Class: scrreprt 2015/10/03 v3.19a KOMA-Script document class (report)
(D:\Users\stange\AppData\Roaming\MiKTeX\2.9\tex\latex\koma-script\scrkbase.sty
Package: scrkbase 2015/10/03 v3.19a KOMA-Script package (KOMA-Script-dependent 
basics and keyval usage)

(D:\Users\stange\AppData\Roaming\MiKTeX\2.9\tex\latex\koma-script\scrbase.sty
Package: scrbase 2015/10/03 v3.19a KOMA-Script package (KOMA-Script-independent
 basics and keyval usage)

("D:\Program Files (x86)\MiKTeX 2.9\tex\latex\graphics\keyval.sty"
Package: keyval 2014/10/28 v1.15 key=value parser (DPC)
\KV@toks@=\toks14
)
(D:\Users\stange\AppData\Roaming\MiKTeX\2.9\tex\latex\koma-script\scrlfile.sty
Package: scrlfile 2015/10/03 v3.19a KOMA-Script package (loading files)

Package scrlfile, 2015/10/03 v3.19a KOMA-Script package (loading files)
                  Copyright (C) Markus Kohm

)))
(D:\Users\stange\AppData\Roaming\MiKTeX\2.9\tex\latex\koma-script\tocbasic.sty
Package: tocbasic 2015/10/03 v3.19a KOMA-Script package (handling toc-files)
)
Package tocbasic Info: omitting babel extension for `toc'
(tocbasic)             because of feature `nobabel' available
(tocbasic)             for `toc' on input line 125.
Package tocbasic Info: omitting babel extension for `lof'
(tocbasic)             because of feature `nobabel' available
(tocbasic)             for `lof' on input line 126.
Package tocbasic Info: omitting babel extension for `lot'
(tocbasic)             because of feature `nobabel' available
(tocbasic)             for `lot' on input line 127.
Package tocbasic Info: defining new hook before heading of `' on input line 158
8.
Class scrreprt Info: File `scrsize11pt.clo' used instead of
(scrreprt)           file `scrsize11.clo' to setup font sizes on input line 224
8.

(D:\Users\stange\AppData\Roaming\MiKTeX\2.9\tex\latex\koma-script\scrsize11pt.c
lo
File: scrsize11pt.clo 2015/10/03 v3.19a KOMA-Script font size class option (11p
t)
)
(D:\Users\stange\AppData\Roaming\MiKTeX\2.9\tex\latex\koma-script\typearea.sty
Package: typearea 2015/10/03 v3.19a KOMA-Script package (type area)

Package typearea, 2015/10/03 v3.19a KOMA-Script package (type area)
                  Copyright (C) Frank Neukam, 1992-1994
                  Copyright (C) Markus Kohm, 1994-

\ta@bcor=\skip41
\ta@div=\count79
Package typearea Info: You've used standard option `a4paper'.
(typearea)             This is correct!
(typearea)             Internally I'm using `paper=a4'.
(typearea)             If you'd like to set the option with \KOMAoptions,
(typearea)             you'd have to use `paper=a4' there
(typearea)             instead of `a4paper', too.
\ta@hblk=\skip42
\ta@vblk=\skip43
\ta@temp=\skip44
\footheight=\skip45

Package typearea Warning: Bad type area settings!
(typearea)                The detected line width is about 22%
(typearea)                larger than the heuristically detected line width.
(typearea)                You should e.g. decrease DIV, increase fontsize
(typearea)                or change papersize.

Package typearea Info: These are the values describing the layout:
(typearea)             DIV  = 15
(typearea)             BCOR = 0.0pt
(typearea)             \paperwidth      = 597.50793pt
(typearea)              \textwidth      = 478.00635pt
(typearea)              DIV departure   = -22%
(typearea)              \evensidemargin = -12.5192pt
(typearea)              \oddsidemargin  = -12.5192pt
(typearea)             \paperheight     = 845.04694pt
(typearea)              \textheight     = 677.4003pt
(typearea)              \topmargin      = -53.33354pt
(typearea)              \headheight     = 17.0pt
(typearea)              \headsep        = 20.40001pt
(typearea)              \topskip        = 11.0pt
(typearea)              \footskip       = 47.6pt
(typearea)              \baselineskip   = 13.6pt
(typearea)              on input line 1509.
)
\c@part=\count80
\c@chapter=\count81
\c@section=\count82
\c@subsection=\count83
\c@subsubsection=\count84
\c@paragraph=\count85
\c@subparagraph=\count86
LaTeX Info: Redefining \textsubscript on input line 4652.
\abovecaptionskip=\skip46
\belowcaptionskip=\skip47
\c@pti@nb@sid@b@x=\box26
\c@figure=\count87
\c@table=\count88
\bibindent=\dimen102
) ("D:\Program Files (x86)\MiKTeX 2.9\tex\latex\amsfonts\amssymb.sty"
Package: amssymb 2013/01/14 v3.01 AMS font symbols

("D:\Program Files (x86)\MiKTeX 2.9\tex\latex\amsfonts\amsfonts.sty"
Package: amsfonts 2013/01/14 v3.01 Basic AMSFonts support
\@emptytoks=\toks15
\symAMSa=\mathgroup4
\symAMSb=\mathgroup5
LaTeX Font Info:    Overwriting math alphabet `\mathfrak' in version `bold'
(Font)                  U/euf/m/n --> U/euf/b/n on input line 106.
))
(mypackages.sty ("D:\Program Files (x86)\MiKTeX 2.9\tex\latex\base\inputenc.sty
"
Package: inputenc 2015/03/17 v1.2c Input encoding file
\inpenc@prehook=\toks16
\inpenc@posthook=\toks17
 ("D:\Program Files (x86)\MiKTeX 2.9\tex\latex\base\utf8.def"
File: utf8.def 2015/09/07 v1.1p UTF-8 support for inputenc
Now handling font encoding OML ...
... no UTF-8 mapping file for font encoding OML
Now handling font encoding T1 ...
... processing UTF-8 mapping file for font encoding T1

("D:\Program Files (x86)\MiKTeX 2.9\tex\latex\base\t1enc.dfu"
File: t1enc.dfu 2015/09/07 v1.1p UTF-8 support for inputenc
   defining Unicode char U+00A0 (decimal 160)
   defining Unicode char U+00A1 (decimal 161)
   defining Unicode char U+00A3 (decimal 163)
   defining Unicode char U+00AB (decimal 171)
   defining Unicode char U+00AD (decimal 173)
   defining Unicode char U+00BB (decimal 187)
   defining Unicode char U+00BF (decimal 191)
   defining Unicode char U+00C0 (decimal 192)
   defining Unicode char U+00C1 (decimal 193)
   defining Unicode char U+00C2 (decimal 194)
   defining Unicode char U+00C3 (decimal 195)
   defining Unicode char U+00C4 (decimal 196)
   defining Unicode char U+00C5 (decimal 197)
   defining Unicode char U+00C6 (decimal 198)
   defining Unicode char U+00C7 (decimal 199)
   defining Unicode char U+00C8 (decimal 200)
   defining Unicode char U+00C9 (decimal 201)
   defining Unicode char U+00CA (decimal 202)
   defining Unicode char U+00CB (decimal 203)
   defining Unicode char U+00CC (decimal 204)
   defining Unicode char U+00CD (decimal 205)
   defining Unicode char U+00CE (decimal 206)
   defining Unicode char U+00CF (decimal 207)
   defining Unicode char U+00D0 (decimal 208)
   defining Unicode char U+00D1 (decimal 209)
   defining Unicode char U+00D2 (decimal 210)
   defining Unicode char U+00D3 (decimal 211)
   defining Unicode char U+00D4 (decimal 212)
   defining Unicode char U+00D5 (decimal 213)
   defining Unicode char U+00D6 (decimal 214)
   defining Unicode char U+00D8 (decimal 216)
   defining Unicode char U+00D9 (decimal 217)
   defining Unicode char U+00DA (decimal 218)
   defining Unicode char U+00DB (decimal 219)
   defining Unicode char U+00DC (decimal 220)
   defining Unicode char U+00DD (decimal 221)
   defining Unicode char U+00DE (decimal 222)
   defining Unicode char U+00DF (decimal 223)
   defining Unicode char U+00E0 (decimal 224)
   defining Unicode char U+00E1 (decimal 225)
   defining Unicode char U+00E2 (decimal 226)
   defining Unicode char U+00E3 (decimal 227)
   defining Unicode char U+00E4 (decimal 228)
   defining Unicode char U+00E5 (decimal 229)
   defining Unicode char U+00E6 (decimal 230)
   defining Unicode char U+00E7 (decimal 231)
   defining Unicode char U+00E8 (decimal 232)
   defining Unicode char U+00E9 (decimal 233)
   defining Unicode char U+00EA (decimal 234)
   defining Unicode char U+00EB (decimal 235)
   defining Unicode char U+00EC (decimal 236)
   defining Unicode char U+00ED (decimal 237)
   defining Unicode char U+00EE (decimal 238)
   defining Unicode char U+00EF (decimal 239)
   defining Unicode char U+00F0 (decimal 240)
   defining Unicode char U+00F1 (decimal 241)
   defining Unicode char U+00F2 (decimal 242)
   defining Unicode char U+00F3 (decimal 243)
   defining Unicode char U+00F4 (decimal 244)
   defining Unicode char U+00F5 (decimal 245)
   defining Unicode char U+00F6 (decimal 246)
   defining Unicode char U+00F8 (decimal 248)
   defining Unicode char U+00F9 (decimal 249)
   defining Unicode char U+00FA (decimal 250)
   defining Unicode char U+00FB (decimal 251)
   defining Unicode char U+00FC (decimal 252)
   defining Unicode char U+00FD (decimal 253)
   defining Unicode char U+00FE (decimal 254)
   defining Unicode char U+00FF (decimal 255)
   defining Unicode char U+0102 (decimal 258)
   defining Unicode char U+0103 (decimal 259)
   defining Unicode char U+0104 (decimal 260)
   defining Unicode char U+0105 (decimal 261)
   defining Unicode char U+0106 (decimal 262)
   defining Unicode char U+0107 (decimal 263)
   defining Unicode char U+010C (decimal 268)
   defining Unicode char U+010D (decimal 269)
   defining Unicode char U+010E (decimal 270)
   defining Unicode char U+010F (decimal 271)
   defining Unicode char U+0110 (decimal 272)
   defining Unicode char U+0111 (decimal 273)
   defining Unicode char U+0118 (decimal 280)
   defining Unicode char U+0119 (decimal 281)
   defining Unicode char U+011A (decimal 282)
   defining Unicode char U+011B (decimal 283)
   defining Unicode char U+011E (decimal 286)
   defining Unicode char U+011F (decimal 287)
   defining Unicode char U+0130 (decimal 304)
   defining Unicode char U+0131 (decimal 305)
   defining Unicode char U+0132 (decimal 306)
   defining Unicode char U+0133 (decimal 307)
   defining Unicode char U+0139 (decimal 313)
   defining Unicode char U+013A (decimal 314)
   defining Unicode char U+013D (decimal 317)
   defining Unicode char U+013E (decimal 318)
   defining Unicode char U+0141 (decimal 321)
   defining Unicode char U+0142 (decimal 322)
   defining Unicode char U+0143 (decimal 323)
   defining Unicode char U+0144 (decimal 324)
   defining Unicode char U+0147 (decimal 327)
   defining Unicode char U+0148 (decimal 328)
   defining Unicode char U+014A (decimal 330)
   defining Unicode char U+014B (decimal 331)
   defining Unicode char U+0150 (decimal 336)
   defining Unicode char U+0151 (decimal 337)
   defining Unicode char U+0152 (decimal 338)
   defining Unicode char U+0153 (decimal 339)
   defining Unicode char U+0154 (decimal 340)
   defining Unicode char U+0155 (decimal 341)
   defining Unicode char U+0158 (decimal 344)
   defining Unicode char U+0159 (decimal 345)
   defining Unicode char U+015A (decimal 346)
   defining Unicode char U+015B (decimal 347)
   defining Unicode char U+015E (decimal 350)
   defining Unicode char U+015F (decimal 351)
   defining Unicode char U+0160 (decimal 352)
   defining Unicode char U+0161 (decimal 353)
   defining Unicode char U+0162 (decimal 354)
   defining Unicode char U+0163 (decimal 355)
   defining Unicode char U+0164 (decimal 356)
   defining Unicode char U+0165 (decimal 357)
   defining Unicode char U+016E (decimal 366)
   defining Unicode char U+016F (decimal 367)
   defining Unicode char U+0170 (decimal 368)
   defining Unicode char U+0171 (decimal 369)
   defining Unicode char U+0174 (decimal 372)
   defining Unicode char U+0175 (decimal 373)
   defining Unicode char U+0176 (decimal 374)
   defining Unicode char U+0177 (decimal 375)
   defining Unicode char U+0178 (decimal 376)
   defining Unicode char U+0179 (decimal 377)
   defining Unicode char U+017A (decimal 378)
   defining Unicode char U+017B (decimal 379)
   defining Unicode char U+017C (decimal 380)
   defining Unicode char U+017D (decimal 381)
   defining Unicode char U+017E (decimal 382)
   defining Unicode char U+0218 (decimal 536)
   defining Unicode char U+0219 (decimal 537)
   defining Unicode char U+021A (decimal 538)
   defining Unicode char U+021B (decimal 539)
   defining Unicode char U+200C (decimal 8204)
   defining Unicode char U+2013 (decimal 8211)
   defining Unicode char U+2014 (decimal 8212)
   defining Unicode char U+2018 (decimal 8216)
   defining Unicode char U+2019 (decimal 8217)
   defining Unicode char U+201A (decimal 8218)
   defining Unicode char U+201C (decimal 8220)
   defining Unicode char U+201D (decimal 8221)
   defining Unicode char U+201E (decimal 8222)
   defining Unicode char U+2030 (decimal 8240)
   defining Unicode char U+2031 (decimal 8241)
   defining Unicode char U+2039 (decimal 8249)
   defining Unicode char U+203A (decimal 8250)
   defining Unicode char U+2423 (decimal 9251)
)
Now handling font encoding OT1 ...
... processing UTF-8 mapping file for font encoding OT1

("D:\Program Files (x86)\MiKTeX 2.9\tex\latex\base\ot1enc.dfu"
File: ot1enc.dfu 2015/09/07 v1.1p UTF-8 support for inputenc
   defining Unicode char U+00A0 (decimal 160)
   defining Unicode char U+00A1 (decimal 161)
   defining Unicode char U+00A3 (decimal 163)
   defining Unicode char U+00AD (decimal 173)
   defining Unicode char U+00B8 (decimal 184)
   defining Unicode char U+00BF (decimal 191)
   defining Unicode char U+00C5 (decimal 197)
   defining Unicode char U+00C6 (decimal 198)
   defining Unicode char U+00D8 (decimal 216)
   defining Unicode char U+00DF (decimal 223)
   defining Unicode char U+00E6 (decimal 230)
   defining Unicode char U+00EC (decimal 236)
   defining Unicode char U+00ED (decimal 237)
   defining Unicode char U+00EE (decimal 238)
   defining Unicode char U+00EF (decimal 239)
   defining Unicode char U+00F8 (decimal 248)
   defining Unicode char U+0131 (decimal 305)
   defining Unicode char U+0141 (decimal 321)
   defining Unicode char U+0142 (decimal 322)
   defining Unicode char U+0152 (decimal 338)
   defining Unicode char U+0153 (decimal 339)
   defining Unicode char U+0174 (decimal 372)
   defining Unicode char U+0175 (decimal 373)
   defining Unicode char U+0176 (decimal 374)
   defining Unicode char U+0177 (decimal 375)
   defining Unicode char U+0218 (decimal 536)
   defining Unicode char U+0219 (decimal 537)
   defining Unicode char U+021A (decimal 538)
   defining Unicode char U+021B (decimal 539)
   defining Unicode char U+2013 (decimal 8211)
   defining Unicode char U+2014 (decimal 8212)
   defining Unicode char U+2018 (decimal 8216)
   defining Unicode char U+2019 (decimal 8217)
   defining Unicode char U+201C (decimal 8220)
   defining Unicode char U+201D (decimal 8221)
)
Now handling font encoding OMS ...
... processing UTF-8 mapping file for font encoding OMS

("D:\Program Files (x86)\MiKTeX 2.9\tex\latex\base\omsenc.dfu"
File: omsenc.dfu 2015/09/07 v1.1p UTF-8 support for inputenc
   defining Unicode char U+00A7 (decimal 167)
   defining Unicode char U+00B6 (decimal 182)
   defining Unicode char U+00B7 (decimal 183)
   defining Unicode char U+2020 (decimal 8224)
   defining Unicode char U+2021 (decimal 8225)
   defining Unicode char U+2022 (decimal 8226)
)
Now handling font encoding OMX ...
... no UTF-8 mapping file for font encoding OMX
Now handling font encoding U ...
... no UTF-8 mapping file for font encoding U
   defining Unicode char U+00A9 (decimal 169)
   defining Unicode char U+00AA (decimal 170)
   defining Unicode char U+00AE (decimal 174)
   defining Unicode char U+00BA (decimal 186)
   defining Unicode char U+02C6 (decimal 710)
   defining Unicode char U+02DC (decimal 732)
   defining Unicode char U+200C (decimal 8204)
   defining Unicode char U+2026 (decimal 8230)
   defining Unicode char U+2122 (decimal 8482)
   defining Unicode char U+2423 (decimal 9251)
))
("D:\Program Files (x86)\MiKTeX 2.9\tex\latex\hyperref\hyperref.sty"
Package: hyperref 2012/11/06 v6.83m Hypertext links for LaTeX

("D:\Program Files (x86)\MiKTeX 2.9\tex\generic\oberdiek\hobsub-hyperref.sty"
Package: hobsub-hyperref 2012/04/25 v1.12 Bundle oberdiek, subset hyperref (HO)


("D:\Program Files (x86)\MiKTeX 2.9\tex\generic\oberdiek\hobsub-generic.sty"
Package: hobsub-generic 2012/04/25 v1.12 Bundle oberdiek, subset generic (HO)
Package: hobsub 2012/04/25 v1.12 Construct package bundles (HO)
Package: infwarerr 2010/04/08 v1.3 Providing info/warning/error messages (HO)
Package: ltxcmds 2011/11/09 v1.22 LaTeX kernel commands for general use (HO)
Package: ifluatex 2010/03/01 v1.3 Provides the ifluatex switch (HO)
Package ifluatex Info: LuaTeX not detected.
Package: ifvtex 2010/03/01 v1.5 Detect VTeX and its facilities (HO)
Package ifvtex Info: VTeX not detected.
Package: intcalc 2007/09/27 v1.1 Expandable calculations with integers (HO)
Package: ifpdf 2011/01/30 v2.3 Provides the ifpdf switch (HO)
Package ifpdf Info: pdfTeX in PDF mode is detected.
Package: etexcmds 2011/02/16 v1.5 Avoid name clashes with e-TeX commands (HO)
Package etexcmds Info: Could not find \expanded.
(etexcmds)             That can mean that you are not using pdfTeX 1.50 or
(etexcmds)             that some package has redefined \expanded.
(etexcmds)             In the latter case, load this package earlier.
Package: kvsetkeys 2012/04/25 v1.16 Key value parser (HO)
Package: kvdefinekeys 2011/04/07 v1.3 Define keys (HO)
Package: pdftexcmds 2011/11/29 v0.20 Utility functions of pdfTeX for LuaTeX (HO
)
Package pdftexcmds Info: LuaTeX not detected.
Package pdftexcmds Info: \pdf@primitive is available.
Package pdftexcmds Info: \pdf@ifprimitive is available.
Package pdftexcmds Info: \pdfdraftmode found.
Package: pdfescape 2011/11/25 v1.13 Implements pdfTeX's escape features (HO)
Package: bigintcalc 2012/04/08 v1.3 Expandable calculations on big integers (HO
)
Package: bitset 2011/01/30 v1.1 Handle bit-vector datatype (HO)
Package: uniquecounter 2011/01/30 v1.2 Provide unlimited unique counter (HO)
)
Package hobsub Info: Skipping package `hobsub' (already loaded).
Package: letltxmacro 2010/09/02 v1.4 Let assignment for LaTeX macros (HO)
Package: hopatch 2011/06/24 v1.1 Wrapper for package hooks (HO)
Package: xcolor-patch 2011/01/30 xcolor patch
Package: atveryend 2011/06/30 v1.8 Hooks at the very end of document (HO)
Package atveryend Info: \enddocument detected (standard20110627).
Package: atbegshi 2011/10/05 v1.16 At begin shipout hook (HO)
Package: refcount 2011/10/16 v3.4 Data extraction from label references (HO)
Package: hycolor 2011/01/30 v1.7 Color options for hyperref/bookmark (HO)
)
("D:\Program Files (x86)\MiKTeX 2.9\tex\generic\ifxetex\ifxetex.sty"
Package: ifxetex 2010/09/12 v0.6 Provides ifxetex conditional
)
("D:\Program Files (x86)\MiKTeX 2.9\tex\latex\oberdiek\auxhook.sty"
Package: auxhook 2011/03/04 v1.3 Hooks for auxiliary files (HO)
)
("D:\Program Files (x86)\MiKTeX 2.9\tex\latex\oberdiek\kvoptions.sty"
Package: kvoptions 2011/06/30 v3.11 Key value format for package options (HO)
)
\@linkdim=\dimen103
\Hy@linkcounter=\count89
\Hy@pagecounter=\count90

("D:\Program Files (x86)\MiKTeX 2.9\tex\latex\hyperref\pd1enc.def"
File: pd1enc.def 2012/11/06 v6.83m Hyperref: PDFDocEncoding definition (HO)
Now handling font encoding PD1 ...
... no UTF-8 mapping file for font encoding PD1
)
\Hy@SavedSpaceFactor=\count91

("D:\Program Files (x86)\MiKTeX 2.9\tex\latex\00miktex\hyperref.cfg"
File: hyperref.cfg 2002/06/06 v1.2 hyperref configuration of TeXLive
)
Package hyperref Info: Hyper figures OFF on input line 4443.
Package hyperref Info: Link nesting OFF on input line 4448.
Package hyperref Info: Hyper index ON on input line 4451.
Package hyperref Info: Plain pages OFF on input line 4458.
Package hyperref Info: Backreferencing OFF on input line 4463.
Package hyperref Info: Implicit mode ON; LaTeX internals redefined.
Package hyperref Info: Bookmarks ON on input line 4688.
\c@Hy@tempcnt=\count92

("D:\Program Files (x86)\MiKTeX 2.9\tex\latex\url\url.sty"
\Urlmuskip=\muskip10
Package: url 2013/09/16  ver 3.4  Verb mode for urls, etc.
)
LaTeX Info: Redefining \url on input line 5041.
\XeTeXLinkMargin=\dimen104
\Fld@menulength=\count93
\Field@Width=\dimen105
\Fld@charsize=\dimen106
Package hyperref Info: Hyper figures OFF on input line 6295.
Package hyperref Info: Link nesting OFF on input line 6300.
Package hyperref Info: Hyper index ON on input line 6303.
Package hyperref Info: backreferencing OFF on input line 6310.
Package hyperref Info: Link coloring OFF on input line 6315.
Package hyperref Info: Link coloring with OCG OFF on input line 6320.
Package hyperref Info: PDF/A mode OFF on input line 6325.
LaTeX Info: Redefining \ref on input line 6365.
LaTeX Info: Redefining \pageref on input line 6369.
\Hy@abspage=\count94
\c@Item=\count95
\c@Hfootnote=\count96
)

Package hyperref Message: Driver (autodetected): hpdftex.

("D:\Program Files (x86)\MiKTeX 2.9\tex\latex\hyperref\hpdftex.def"
File: hpdftex.def 2012/11/06 v6.83m Hyperref driver for pdfTeX
\Fld@listcount=\count97
\c@bookmark@seq@number=\count98

("D:\Program Files (x86)\MiKTeX 2.9\tex\latex\oberdiek\rerunfilecheck.sty"
Package: rerunfilecheck 2011/04/15 v1.7 Rerun checks for auxiliary files (HO)
Package uniquecounter Info: New unique counter `rerunfilecheck' on input line 2
82.
)
\Hy@SectionHShift=\skip48
)
("D:\Program Files (x86)\MiKTeX 2.9\tex\latex\amsmath\amsmath.sty"
Package: amsmath 2013/01/14 v2.14 AMS math features
\@mathmargin=\skip49

For additional information on amsmath, use the `?' option.
("D:\Program Files (x86)\MiKTeX 2.9\tex\latex\amsmath\amstext.sty"
Package: amstext 2000/06/29 v2.01

("D:\Program Files (x86)\MiKTeX 2.9\tex\latex\amsmath\amsgen.sty"
File: amsgen.sty 1999/11/30 v2.0
\@emptytoks=\toks18
\ex@=\dimen107
))
("D:\Program Files (x86)\MiKTeX 2.9\tex\latex\amsmath\amsbsy.sty"
Package: amsbsy 1999/11/29 v1.2d
\pmbraise@=\dimen108
)
("D:\Program Files (x86)\MiKTeX 2.9\tex\latex\amsmath\amsopn.sty"
Package: amsopn 1999/12/14 v2.01 operator names
)
\inf@bad=\count99
LaTeX Info: Redefining \frac on input line 210.
\uproot@=\count100
\leftroot@=\count101
LaTeX Info: Redefining \overline on input line 306.
\classnum@=\count102
\DOTSCASE@=\count103
LaTeX Info: Redefining \ldots on input line 378.
LaTeX Info: Redefining \dots on input line 381.
LaTeX Info: Redefining \cdots on input line 466.
\Mathstrutbox@=\box27
\strutbox@=\box28
\big@size=\dimen109
LaTeX Font Info:    Redeclaring font encoding OML on input line 566.
LaTeX Font Info:    Redeclaring font encoding OMS on input line 567.
\macc@depth=\count104
\c@MaxMatrixCols=\count105
\dotsspace@=\muskip11
\c@parentequation=\count106
\dspbrk@lvl=\count107
\tag@help=\toks19
\row@=\count108
\column@=\count109
\maxfields@=\count110
\andhelp@=\toks20
\eqnshift@=\dimen110
\alignsep@=\dimen111
\tagshift@=\dimen112
\tagwidth@=\dimen113
\totwidth@=\dimen114
\lineht@=\dimen115
\@envbody=\toks21
\multlinegap=\skip50
\multlinetaggap=\skip51
\mathdisplay@stack=\toks22
LaTeX Info: Redefining \[ on input line 2665.
LaTeX Info: Redefining \] on input line 2666.
)
("D:\Program Files (x86)\MiKTeX 2.9\tex\latex\natbib\natbib.sty"
Package: natbib 2010/09/13 8.31b (PWD, AO)
\bibhang=\skip52
\bibsep=\skip53
LaTeX Info: Redefining \cite on input line 694.
\c@NAT@ctr=\count111
)
("D:\Program Files (x86)\MiKTeX 2.9\tex\latex\mathtools\mathtools.sty"
Package: mathtools 2015/06/17 v1.17 mathematical typesetting tools

("D:\Program Files (x86)\MiKTeX 2.9\tex\latex\tools\calc.sty"
Package: calc 2014/10/28 v4.3 Infix arithmetic (KKT,FJ)
\calc@Acount=\count112
\calc@Bcount=\count113
\calc@Adimen=\dimen116
\calc@Bdimen=\dimen117
\calc@Askip=\skip54
\calc@Bskip=\skip55
LaTeX Info: Redefining \setlength on input line 80.
LaTeX Info: Redefining \addtolength on input line 81.
\calc@Ccount=\count114
\calc@Cskip=\skip56
)
("D:\Program Files (x86)\MiKTeX 2.9\tex\latex\mathtools\mhsetup.sty"
Package: mhsetup 2010/01/21 v1.2a programming setup (MH)
)
LaTeX Info: Thecontrolsequence`\('isalreadyrobust on input line 129.
LaTeX Info: Thecontrolsequence`\)'isalreadyrobust on input line 129.
LaTeX Info: Thecontrolsequence`\['isalreadyrobust on input line 129.
LaTeX Info: Thecontrolsequence`\]'isalreadyrobust on input line 129.
\g_MT_multlinerow_int=\count115
\l_MT_multwidth_dim=\dimen118
\origjot=\skip57
\l_MT_shortvdotswithinadjustabove_dim=\dimen119
\l_MT_shortvdotswithinadjustbelow_dim=\dimen120
\l_MT_above_intertext_sep=\dimen121
\l_MT_below_intertext_sep=\dimen122
\l_MT_above_shortintertext_sep=\dimen123
\l_MT_below_shortintertext_sep=\dimen124
)
("D:\Program Files (x86)\MiKTeX 2.9\tex\generic\babel\babel.sty"
Package: babel 2015/08/03 3.9m The Babel package

*************************************
* Local config file bblopts.cfg used
*
("D:\Program Files (x86)\MiKTeX 2.9\tex\latex\00miktex\bblopts.cfg"
File: bblopts.cfg 2006/07/31 v1.0 MiKTeX 'babel' configuration
)
("D:\Program Files (x86)\MiKTeX 2.9\tex\latex\babel-german\ngerman.ldf"
Language: ngerman 2013/12/13 v2.7 German support for babel (new orthography)

("D:\Program Files (x86)\MiKTeX 2.9\tex\latex\babel-german\ngermanb.ldf"
Language: ngermanb 2013/12/13 v2.7 German support for babel (new orthography)

("D:\Program Files (x86)\MiKTeX 2.9\tex\generic\babel\babel.def"
File: babel.def 2015/08/03 3.9m Babel common definitions
\babel@savecnt=\count116
\U@D=\dimen125
)
\l@naustrian = a dialect from \language\l@ngerman 
\l@nswissgerman = a dialect from \language\l@ngerman 
Package babel Info: Making " an active character on input line 88.
))
("D:\Program Files (x86)\MiKTeX 2.9\tex\latex\babel-english\english.ldf"
Language: english 2012/08/20 v3.3p English support from the babel system
\l@canadian = a dialect from \language\l@american 
\l@australian = a dialect from \language\l@british 
\l@newzealand = a dialect from \language\l@british 
))
("D:\Program Files (x86)\MiKTeX 2.9\tex\latex\algorithms\algorithm.sty"
Package: algorithm 2009/08/24 v0.1 Document Style `algorithm' - floating enviro
nment

("D:\Program Files (x86)\MiKTeX 2.9\tex\latex\float\float.sty"
Package: float 2001/11/08 v1.3d Float enhancements (AL)
\c@float@type=\count117
\float@exts=\toks23
\float@box=\box29
\@float@everytoks=\toks24
\@floatcapt=\box30
)
("D:\Program Files (x86)\MiKTeX 2.9\tex\latex\base\ifthen.sty"
Package: ifthen 2014/09/29 v1.1c Standard LaTeX ifthen package (DPC)
)
\@float@every@algorithm=\toks25
\c@algorithm=\count118
)
("D:\Program Files (x86)\MiKTeX 2.9\tex\latex\algorithms\algorithmic.sty"
Package: algorithmic 2009/08/24 v0.1 Document Style `algorithmic'
\c@ALC@unique=\count119
\c@ALC@line=\count120
\c@ALC@rem=\count121
\c@ALC@depth=\count122
\ALC@tlm=\skip58
\algorithmicindent=\skip59
)
("D:\Program Files (x86)\MiKTeX 2.9\tex\latex\graphics\color.sty"
Package: color 2014/10/28 v1.1a Standard LaTeX Color (DPC)

("D:\Program Files (x86)\MiKTeX 2.9\tex\latex\00miktex\color.cfg"
File: color.cfg 2007/01/18 v1.5 color configuration of teTeX/TeXLive
)
Package color Info: Driver file: pdftex.def on input line 142.

("D:\Program Files (x86)\MiKTeX 2.9\tex\latex\pdftex-def\pdftex.def"
File: pdftex.def 2011/05/27 v0.06d Graphics/color for pdfTeX
\Gread@gobject=\count123
))
(D:\Users\stange\AppData\Roaming\MiKTeX\2.9\tex\latex\subfigure\subfigure.sty
Package: subfigure 2002/07/30 v2.1.4 subfigure package
\subfigtopskip=\skip60
\subfigcapskip=\skip61
\subfigcaptopadj=\dimen126
\subfigbottomskip=\skip62
\subfigcapmargin=\dimen127
\subfiglabelskip=\skip63
\c@subfigure=\count124
\c@lofdepth=\count125
\c@subtable=\count126
\c@lotdepth=\count127

****************************************
* Local config file subfigure.cfg used *
****************************************
(D:\Users\stange\AppData\Roaming\MiKTeX\2.9\tex\latex\subfigure\subfigure.cfg)
\subfig@top=\skip64
\subfig@bottom=\skip65
) ("D:\Program Files (x86)\MiKTeX 2.9\tex\latex\graphics\graphicx.sty"
Package: graphicx 2014/10/28 v1.0g Enhanced LaTeX Graphics (DPC,SPQR)

("D:\Program Files (x86)\MiKTeX 2.9\tex\latex\graphics\graphics.sty"
Package: graphics 2014/10/28 v1.0p Standard LaTeX Graphics (DPC,SPQR)

("D:\Program Files (x86)\MiKTeX 2.9\tex\latex\graphics\trig.sty"
Package: trig 1999/03/16 v1.09 sin cos tan (DPC)
)
("D:\Program Files (x86)\MiKTeX 2.9\tex\latex\00miktex\graphics.cfg"
File: graphics.cfg 2007/01/18 v1.5 graphics configuration of teTeX/TeXLive
)
Package graphics Info: Driver file: pdftex.def on input line 94.
)
\Gin@req@height=\dimen128
\Gin@req@width=\dimen129
)
("D:\Program Files (x86)\MiKTeX 2.9\tex\latex\pgf\basiclayer\pgf.sty"
("D:\Program Files (x86)\MiKTeX 2.9\tex\latex\pgf\utilities\pgfrcs.sty"
("D:\Program Files (x86)\MiKTeX 2.9\tex\generic\pgf\utilities\pgfutil-common.te
x"
\pgfutil@everybye=\toks26
\pgfutil@tempdima=\dimen130
\pgfutil@tempdimb=\dimen131

("D:\Program Files (x86)\MiKTeX 2.9\tex\generic\pgf\utilities\pgfutil-common-li
sts.tex"))
("D:\Program Files (x86)\MiKTeX 2.9\tex\generic\pgf\utilities\pgfutil-latex.def
"
\pgfutil@abb=\box31
 ("D:\Program Files (x86)\MiKTeX 2.9\tex\latex\ms\everyshi.sty"
Package: everyshi 2001/05/15 v3.00 EveryShipout Package (MS)
))
("D:\Program Files (x86)\MiKTeX 2.9\tex\generic\pgf\utilities\pgfrcs.code.tex"
Package: pgfrcs 2015/08/07 v3.0.1a (rcs-revision 1.31)
))
Package: pgf 2015/08/07 v3.0.1a (rcs-revision 1.15)
 ("D:\Program Files (x86)\MiKTeX 2.9\tex\latex\pgf\basiclayer\pgfcore.sty"
("D:\Program Files (x86)\MiKTeX 2.9\tex\latex\pgf\systemlayer\pgfsys.sty"
("D:\Program Files (x86)\MiKTeX 2.9\tex\generic\pgf\systemlayer\pgfsys.code.tex
"
Package: pgfsys 2014/07/09 v3.0.1a (rcs-revision 1.48)
 ("D:\Program Files (x86)\MiKTeX 2.9\tex\generic\pgf\utilities\pgfkeys.code.tex
"
\pgfkeys@pathtoks=\toks27
\pgfkeys@temptoks=\toks28

("D:\Program Files (x86)\MiKTeX 2.9\tex\generic\pgf\utilities\pgfkeysfiltered.c
ode.tex"
\pgfkeys@tmptoks=\toks29
))
\pgf@x=\dimen132
\pgf@y=\dimen133
\pgf@xa=\dimen134
\pgf@ya=\dimen135
\pgf@xb=\dimen136
\pgf@yb=\dimen137
\pgf@xc=\dimen138
\pgf@yc=\dimen139
\w@pgf@writea=\write3
\r@pgf@reada=\read1
\c@pgf@counta=\count128
\c@pgf@countb=\count129
\c@pgf@countc=\count130
\c@pgf@countd=\count131
\t@pgf@toka=\toks30
\t@pgf@tokb=\toks31
\t@pgf@tokc=\toks32

("D:\Program Files (x86)\MiKTeX 2.9\tex\generic\pgf\systemlayer\pgf.cfg"
File: pgf.cfg 2008/05/14  (rcs-revision 1.7)
)
Driver file for pgf: pgfsys-pdftex.def

("D:\Program Files (x86)\MiKTeX 2.9\tex\generic\pgf\systemlayer\pgfsys-pdftex.d
ef"
File: pgfsys-pdftex.def 2014/10/11  (rcs-revision 1.35)

("D:\Program Files (x86)\MiKTeX 2.9\tex\generic\pgf\systemlayer\pgfsys-common-p
df.def"
File: pgfsys-common-pdf.def 2013/10/10  (rcs-revision 1.13)
)))
("D:\Program Files (x86)\MiKTeX 2.9\tex\generic\pgf\systemlayer\pgfsyssoftpath.
code.tex"
File: pgfsyssoftpath.code.tex 2013/09/09  (rcs-revision 1.9)
\pgfsyssoftpath@smallbuffer@items=\count132
\pgfsyssoftpath@bigbuffer@items=\count133
)
("D:\Program Files (x86)\MiKTeX 2.9\tex\generic\pgf\systemlayer\pgfsysprotocol.
code.tex"
File: pgfsysprotocol.code.tex 2006/10/16  (rcs-revision 1.4)
)) ("D:\Program Files (x86)\MiKTeX 2.9\tex\latex\xcolor\xcolor.sty"
Package: xcolor 2007/01/21 v2.11 LaTeX color extensions (UK)

("D:\Program Files (x86)\MiKTeX 2.9\tex\latex\00miktex\color.cfg"
File: color.cfg 2007/01/18 v1.5 color configuration of teTeX/TeXLive
)
Package xcolor Info: Driver file: pdftex.def on input line 225.
LaTeX Info: Redefining \color on input line 702.
Package xcolor Info: Model `cmy' substituted by `cmy0' on input line 1337.
Package xcolor Info: Model `hsb' substituted by `rgb' on input line 1341.
Package xcolor Info: Model `RGB' extended on input line 1353.
Package xcolor Info: Model `HTML' substituted by `rgb' on input line 1355.
Package xcolor Info: Model `Hsb' substituted by `hsb' on input line 1356.
Package xcolor Info: Model `tHsb' substituted by `hsb' on input line 1357.
Package xcolor Info: Model `HSB' substituted by `hsb' on input line 1358.
Package xcolor Info: Model `Gray' substituted by `gray' on input line 1359.
Package xcolor Info: Model `wave' substituted by `hsb' on input line 1360.
)
("D:\Program Files (x86)\MiKTeX 2.9\tex\generic\pgf\basiclayer\pgfcore.code.tex
"
Package: pgfcore 2010/04/11 v3.0.1a (rcs-revision 1.7)
 ("D:\Program Files (x86)\MiKTeX 2.9\tex\generic\pgf\math\pgfmath.code.tex"
("D:\Program Files (x86)\MiKTeX 2.9\tex\generic\pgf\math\pgfmathcalc.code.tex"
("D:\Program Files (x86)\MiKTeX 2.9\tex\generic\pgf\math\pgfmathutil.code.tex")
("D:\Program Files (x86)\MiKTeX 2.9\tex\generic\pgf\math\pgfmathparser.code.tex
"
\pgfmath@dimen=\dimen140
\pgfmath@count=\count134
\pgfmath@box=\box32
\pgfmath@toks=\toks33
\pgfmath@stack@operand=\toks34
\pgfmath@stack@operation=\toks35
)
("D:\Program Files (x86)\MiKTeX 2.9\tex\generic\pgf\math\pgfmathfunctions.code.
tex"
("D:\Program Files (x86)\MiKTeX 2.9\tex\generic\pgf\math\pgfmathfunctions.basic
.code.tex")
("D:\Program Files (x86)\MiKTeX 2.9\tex\generic\pgf\math\pgfmathfunctions.trigo
nometric.code.tex")
("D:\Program Files (x86)\MiKTeX 2.9\tex\generic\pgf\math\pgfmathfunctions.rando
m.code.tex")
("D:\Program Files (x86)\MiKTeX 2.9\tex\generic\pgf\math\pgfmathfunctions.compa
rison.code.tex")
("D:\Program Files (x86)\MiKTeX 2.9\tex\generic\pgf\math\pgfmathfunctions.base.
code.tex")
("D:\Program Files (x86)\MiKTeX 2.9\tex\generic\pgf\math\pgfmathfunctions.round
.code.tex")
("D:\Program Files (x86)\MiKTeX 2.9\tex\generic\pgf\math\pgfmathfunctions.misc.
code.tex")
("D:\Program Files (x86)\MiKTeX 2.9\tex\generic\pgf\math\pgfmathfunctions.integ
erarithmetics.code.tex")))
("D:\Program Files (x86)\MiKTeX 2.9\tex\generic\pgf\math\pgfmathfloat.code.tex"
\c@pgfmathroundto@lastzeros=\count135
))
("D:\Program Files (x86)\MiKTeX 2.9\tex\generic\pgf\basiclayer\pgfcorepoints.co
de.tex"
File: pgfcorepoints.code.tex 2013/10/07  (rcs-revision 1.27)
\pgf@picminx=\dimen141
\pgf@picmaxx=\dimen142
\pgf@picminy=\dimen143
\pgf@picmaxy=\dimen144
\pgf@pathminx=\dimen145
\pgf@pathmaxx=\dimen146
\pgf@pathminy=\dimen147
\pgf@pathmaxy=\dimen148
\pgf@xx=\dimen149
\pgf@xy=\dimen150
\pgf@yx=\dimen151
\pgf@yy=\dimen152
\pgf@zx=\dimen153
\pgf@zy=\dimen154
)
("D:\Program Files (x86)\MiKTeX 2.9\tex\generic\pgf\basiclayer\pgfcorepathconst
ruct.code.tex"
File: pgfcorepathconstruct.code.tex 2013/10/07  (rcs-revision 1.29)
\pgf@path@lastx=\dimen155
\pgf@path@lasty=\dimen156
)
("D:\Program Files (x86)\MiKTeX 2.9\tex\generic\pgf\basiclayer\pgfcorepathusage
.code.tex"
File: pgfcorepathusage.code.tex 2014/11/02  (rcs-revision 1.24)
\pgf@shorten@end@additional=\dimen157
\pgf@shorten@start@additional=\dimen158
)
("D:\Program Files (x86)\MiKTeX 2.9\tex\generic\pgf\basiclayer\pgfcorescopes.co
de.tex"
File: pgfcorescopes.code.tex 2015/05/08  (rcs-revision 1.46)
\pgfpic=\box33
\pgf@hbox=\box34
\pgf@layerbox@main=\box35
\pgf@picture@serial@count=\count136
)
("D:\Program Files (x86)\MiKTeX 2.9\tex\generic\pgf\basiclayer\pgfcoregraphicst
ate.code.tex"
File: pgfcoregraphicstate.code.tex 2014/11/02  (rcs-revision 1.12)
\pgflinewidth=\dimen159
)
("D:\Program Files (x86)\MiKTeX 2.9\tex\generic\pgf\basiclayer\pgfcoretransform
ations.code.tex"
File: pgfcoretransformations.code.tex 2015/08/07  (rcs-revision 1.20)
\pgf@pt@x=\dimen160
\pgf@pt@y=\dimen161
\pgf@pt@temp=\dimen162
)
("D:\Program Files (x86)\MiKTeX 2.9\tex\generic\pgf\basiclayer\pgfcorequick.cod
e.tex"
File: pgfcorequick.code.tex 2008/10/09  (rcs-revision 1.3)
)
("D:\Program Files (x86)\MiKTeX 2.9\tex\generic\pgf\basiclayer\pgfcoreobjects.c
ode.tex"
File: pgfcoreobjects.code.tex 2006/10/11  (rcs-revision 1.2)
)
("D:\Program Files (x86)\MiKTeX 2.9\tex\generic\pgf\basiclayer\pgfcorepathproce
ssing.code.tex"
File: pgfcorepathprocessing.code.tex 2013/09/09  (rcs-revision 1.9)
)
("D:\Program Files (x86)\MiKTeX 2.9\tex\generic\pgf\basiclayer\pgfcorearrows.co
de.tex"
File: pgfcorearrows.code.tex 2015/05/14  (rcs-revision 1.43)
\pgfarrowsep=\dimen163
)
("D:\Program Files (x86)\MiKTeX 2.9\tex\generic\pgf\basiclayer\pgfcoreshade.cod
e.tex"
File: pgfcoreshade.code.tex 2013/07/15  (rcs-revision 1.15)
\pgf@max=\dimen164
\pgf@sys@shading@range@num=\count137
)
("D:\Program Files (x86)\MiKTeX 2.9\tex\generic\pgf\basiclayer\pgfcoreimage.cod
e.tex"
File: pgfcoreimage.code.tex 2013/07/15  (rcs-revision 1.18)

("D:\Program Files (x86)\MiKTeX 2.9\tex\generic\pgf\basiclayer\pgfcoreexternal.
code.tex"
File: pgfcoreexternal.code.tex 2014/07/09  (rcs-revision 1.21)
\pgfexternal@startupbox=\box36
))
("D:\Program Files (x86)\MiKTeX 2.9\tex\generic\pgf\basiclayer\pgfcorelayers.co
de.tex"
File: pgfcorelayers.code.tex 2013/07/18  (rcs-revision 1.7)
)
("D:\Program Files (x86)\MiKTeX 2.9\tex\generic\pgf\basiclayer\pgfcoretranspare
ncy.code.tex"
File: pgfcoretransparency.code.tex 2013/09/30  (rcs-revision 1.5)
)
("D:\Program Files (x86)\MiKTeX 2.9\tex\generic\pgf\basiclayer\pgfcorepatterns.
code.tex"
File: pgfcorepatterns.code.tex 2013/11/07  (rcs-revision 1.5)
)))
("D:\Program Files (x86)\MiKTeX 2.9\tex\generic\pgf\modules\pgfmoduleshapes.cod
e.tex"
File: pgfmoduleshapes.code.tex 2014/03/21  (rcs-revision 1.35)
\pgfnodeparttextbox=\box37
)
("D:\Program Files (x86)\MiKTeX 2.9\tex\generic\pgf\modules\pgfmoduleplot.code.
tex"
File: pgfmoduleplot.code.tex 2015/08/03  (rcs-revision 1.13)
)
("D:\Program Files (x86)\MiKTeX 2.9\tex\latex\pgf\compatibility\pgfcomp-version
-0-65.sty"
Package: pgfcomp-version-0-65 2007/07/03 v3.0.1a (rcs-revision 1.7)
\pgf@nodesepstart=\dimen165
\pgf@nodesepend=\dimen166
)
("D:\Program Files (x86)\MiKTeX 2.9\tex\latex\pgf\compatibility\pgfcomp-version
-1-18.sty"
Package: pgfcomp-version-1-18 2007/07/23 v3.0.1a (rcs-revision 1.1)
))
("D:\Program Files (x86)\MiKTeX 2.9\tex\latex\pgf\frontendlayer\tikz.sty"
("D:\Program Files (x86)\MiKTeX 2.9\tex\latex\pgf\utilities\pgffor.sty"
("D:\Program Files (x86)\MiKTeX 2.9\tex\latex\pgf\utilities\pgfkeys.sty"
("D:\Program Files (x86)\MiKTeX 2.9\tex\generic\pgf\utilities\pgfkeys.code.tex"
)) ("D:\Program Files (x86)\MiKTeX 2.9\tex\latex\pgf\math\pgfmath.sty"
("D:\Program Files (x86)\MiKTeX 2.9\tex\generic\pgf\math\pgfmath.code.tex"))
("D:\Program Files (x86)\MiKTeX 2.9\tex\generic\pgf\utilities\pgffor.code.tex"
Package: pgffor 2013/12/13 v3.0.1a (rcs-revision 1.25)

("D:\Program Files (x86)\MiKTeX 2.9\tex\generic\pgf\math\pgfmath.code.tex")
\pgffor@iter=\dimen167
\pgffor@skip=\dimen168
\pgffor@stack=\toks36
\pgffor@toks=\toks37
))
("D:\Program Files (x86)\MiKTeX 2.9\tex\generic\pgf\frontendlayer\tikz\tikz.cod
e.tex"
Package: tikz 2015/08/07 v3.0.1a (rcs-revision 1.151)

("D:\Program Files (x86)\MiKTeX 2.9\tex\generic\pgf\libraries\pgflibraryplothan
dlers.code.tex"
File: pgflibraryplothandlers.code.tex 2013/08/31 v3.0.1a (rcs-revision 1.20)
\pgf@plot@mark@count=\count138
\pgfplotmarksize=\dimen169
)
\tikz@lastx=\dimen170
\tikz@lasty=\dimen171
\tikz@lastxsaved=\dimen172
\tikz@lastysaved=\dimen173
\tikzleveldistance=\dimen174
\tikzsiblingdistance=\dimen175
\tikz@figbox=\box38
\tikz@figbox@bg=\box39
\tikz@tempbox=\box40
\tikz@tempbox@bg=\box41
\tikztreelevel=\count139
\tikznumberofchildren=\count140
\tikznumberofcurrentchild=\count141
\tikz@fig@count=\count142

("D:\Program Files (x86)\MiKTeX 2.9\tex\generic\pgf\modules\pgfmodulematrix.cod
e.tex"
File: pgfmodulematrix.code.tex 2013/09/17  (rcs-revision 1.8)
\pgfmatrixcurrentrow=\count143
\pgfmatrixcurrentcolumn=\count144
\pgf@matrix@numberofcolumns=\count145
)
\tikz@expandcount=\count146

("D:\Program Files (x86)\MiKTeX 2.9\tex\generic\pgf\frontendlayer\tikz\librarie
s\tikzlibrarytopaths.code.tex"
File: tikzlibrarytopaths.code.tex 2008/06/17 v3.0.1a (rcs-revision 1.2)
)))
("D:\Program Files (x86)\MiKTeX 2.9\tex\generic\pgf\frontendlayer\tikz\librarie
s\tikzlibraryarrows.code.tex"
File: tikzlibraryarrows.code.tex 2008/01/09 v3.0.1a (rcs-revision 1.1)

("D:\Program Files (x86)\MiKTeX 2.9\tex\generic\pgf\libraries\pgflibraryarrows.
code.tex"
File: pgflibraryarrows.code.tex 2013/09/23 v3.0.1a (rcs-revision 1.16)
\arrowsize=\dimen176
))
("D:\Program Files (x86)\MiKTeX 2.9\tex\generic\pgf\frontendlayer\tikz\librarie
s\tikzlibraryautomata.code.tex"
File: tikzlibraryautomata.code.tex 2008/07/14 v3.0.1a (rcs-revision 1.3)

("D:\Program Files (x86)\MiKTeX 2.9\tex\generic\pgf\frontendlayer\tikz\librarie
s\tikzlibraryshapes.multipart.code.tex"
File: tikzlibraryshapes.multipart.code.tex 2008/01/09 v3.0.1a (rcs-revision 1.1
)

("D:\Program Files (x86)\MiKTeX 2.9\tex\generic\pgf\libraries\shapes\pgflibrary
shapes.multipart.code.tex"
File: pgflibraryshapes.multipart.code.tex 2010/01/07 v3.0.1a (rcs-revision 1.2)

\pgfnodepartlowerbox=\box42
\pgfnodeparttwobox=\box43
\pgfnodepartthreebox=\box44
\pgfnodepartfourbox=\box45
\pgfnodeparttwentybox=\box46
\pgfnodepartnineteenbox=\box47
\pgfnodeparteighteenbox=\box48
\pgfnodepartseventeenbox=\box49
\pgfnodepartsixteenbox=\box50
\pgfnodepartfifteenbox=\box51
\pgfnodepartfourteenbox=\box52
\pgfnodepartthirteenbox=\box53
\pgfnodeparttwelvebox=\box54
\pgfnodepartelevenbox=\box55
\pgfnodeparttenbox=\box56
\pgfnodepartninebox=\box57
\pgfnodeparteightbox=\box58
\pgfnodepartsevenbox=\box59
\pgfnodepartsixbox=\box60
\pgfnodepartfivebox=\box61
)))
("D:\Program Files (x86)\MiKTeX 2.9\tex\generic\pgf\frontendlayer\tikz\librarie
s\tikzlibrarypatterns.code.tex"
File: tikzlibrarypatterns.code.tex 2008/01/15 v3.0.1a (rcs-revision 1.2)

("D:\Program Files (x86)\MiKTeX 2.9\tex\generic\pgf\libraries\pgflibrarypattern
s.code.tex"
File: pgflibrarypatterns.code.tex 2008/03/03 v3.0.1a (rcs-revision 1.13)
)) (mycommands.sty
\c@theorem=\count147
\c@example=\count148
\c@definition=\count149
)
(D:\Users\stange\AppData\Roaming\MiKTeX\2.9\tex\latex\esvect\esvect.sty
Package: esvect 
\symesvector=\mathgroup6
))
(D:\Users\stange\AppData\Roaming\MiKTeX\2.9\tex\latex\enumitem\enumitem.sty
Package: enumitem 2011/09/28 v3.5.2 Customized lists
\labelindent=\skip66
\enit@outerparindent=\dimen177
\enit@toks=\toks38
\enit@inbox=\box62
\enitdp@description=\count150
)
No file index.aux.
LaTeX Font Info:    Checking defaults for OML/cmm/m/it on input line 30.
LaTeX Font Info:    ... okay on input line 30.
LaTeX Font Info:    Checking defaults for T1/cmr/m/n on input line 30.
LaTeX Font Info:    ... okay on input line 30.
LaTeX Font Info:    Checking defaults for OT1/cmr/m/n on input line 30.
LaTeX Font Info:    ... okay on input line 30.
LaTeX Font Info:    Checking defaults for OMS/cmsy/m/n on input line 30.
LaTeX Font Info:    ... okay on input line 30.
LaTeX Font Info:    Checking defaults for OMX/cmex/m/n on input line 30.
LaTeX Font Info:    ... okay on input line 30.
LaTeX Font Info:    Checking defaults for U/cmr/m/n on input line 30.
LaTeX Font Info:    ... okay on input line 30.
LaTeX Font Info:    Checking defaults for PD1/pdf/m/n on input line 30.
LaTeX Font Info:    ... okay on input line 30.
\AtBeginShipoutBox=\box63
Package hyperref Info: Link coloring OFF on input line 30.
("D:\Program Files (x86)\MiKTeX 2.9\tex\latex\hyperref\nameref.sty"
Package: nameref 2012/10/27 v2.43 Cross-referencing by name of section

("D:\Program Files (x86)\MiKTeX 2.9\tex\generic\oberdiek\gettitlestring.sty"
Package: gettitlestring 2010/12/03 v1.4 Cleanup title references (HO)
)
\c@section@level=\count151
)
LaTeX Info: Redefining \ref on input line 30.
LaTeX Info: Redefining \pageref on input line 30.
LaTeX Info: Redefining \nameref on input line 30.
\@outlinefile=\write4

("D:\Program Files (x86)\MiKTeX 2.9\tex\context\base\supp-pdf.mkii"
[Loading MPS to PDF converter (version 2006.09.02).]
\scratchcounter=\count152
\scratchdimen=\dimen178
\scratchbox=\box64
\nofMPsegments=\count153
\nofMParguments=\count154
\everyMPshowfont=\toks39
\MPscratchCnt=\count155
\MPscratchDim=\dimen179
\MPnumerator=\count156
\makeMPintoPDFobject=\count157
\everyMPtoPDFconversion=\toks40
) ABD: EveryShipout initializing macros
LaTeX Font Info:    Try loading font information for U+msa on input line 38.

("D:\Program Files (x86)\MiKTeX 2.9\tex\latex\amsfonts\umsa.fd"
File: umsa.fd 2013/01/14 v3.01 AMS symbols A
)
LaTeX Font Info:    Try loading font information for U+msb on input line 38.

("D:\Program Files (x86)\MiKTeX 2.9\tex\latex\amsfonts\umsb.fd"
File: umsb.fd 2013/01/14 v3.01 AMS symbols B
)
LaTeX Font Info:    Try loading font information for U+esvect on input line 38.


(D:\Users\stange\AppData\Roaming\MiKTeX\2.9\tex\latex\esvect\uesvect.fd
File: uesvect.fd 
)
[1



{D:/Users/stange/AppData/Local/MiKTeX/2.9/pdftex/config/pdftex.map}]
\tf@toc=\write5
 [2

]
\tf@lof=\write6

(body.tex [3

] (intro.tex
chapter 1.

Class scrreprt Warning: \float@addtolists detected!
(scrreprt)              Implementation of \float@addtolist became
(scrreprt)              deprecated in KOMA-Script v3.01 2008/11/14 and
(scrreprt)              has been replaced by several more flexible
(scrreprt)              features of package `tocbasic`.
(scrreprt)              Since Version 3.12 support for deprecated
(scrreprt)              \float@addtolist interface has been
(scrreprt)              restricted to only some of the KOMA-Script
(scrreprt)              features and been removed from others.
(scrreprt)              Loading of package `scrhack' may help to
(scrreprt)              avoid this warning, if you are using a
(scrreprt)              a package that still implements the
(scrreprt)              deprecated \float@addtolist interface .


Package natbib Warning: Citation `TANG2012' on page 4 undefined on input line 1
1.


Package natbib Warning: Citation `TANG2012' on page 4 undefined on input line 1
5.


Package natbib Warning: Citation `YAMANE2006' on page 4 undefined on input line
 15.


LaTeX Warning: Reference `ch:SimPhys' on page 4 undefined on input line 22.


LaTeX Warning: Reference `ch:CollisionDetection' on page 4 undefined on input l
ine 23.


LaTeX Warning: Reference `ch:DiscretePenaltyForces' on page 4 undefined on inpu
t line 23.


LaTeX Warning: Reference `ch:RobustHandlingofSlidingContacts' on page 4 undefin
ed on input line 23.


LaTeX Warning: Reference `ch:results' on page 4 undefined on input line 24.


LaTeX Warning: Reference `ch:discussion' on page 4 undefined on input line 24.

[4


]
chapter 2.

Package natbib Warning: Citation `BENDER2007' on page 5 undefined on input line
 33.


Package natbib Warning: Citation `LIU2013' on page 5 undefined on input line 35
.


Package natbib Warning: Citation `MUELLER2005' on page 5 undefined on input lin
e 35.


Package natbib Warning: Citation `MUELLER2004' on page 5 undefined on input lin
e 35.


Package natbib Warning: Citation `WEBER2011' on page 5 undefined on input line 
37.


Package natbib Warning: Citation `WEBER2011' on page 5 undefined on input line 
37.


Package natbib Warning: Citation `WEBER2013' on page 5 undefined on input line 
38.


Package natbib Warning: Citation `LIN1998' on page 5 undefined on input line 42
.


Package natbib Warning: Citation `TESCHNER2005' on page 5 undefined on input li
ne 42.


Package natbib Warning: Citation `PROVOT1997' on page 5 undefined on input line
 44.


Package natbib Warning: Citation `BENDER2007' on page 5 undefined on input line
 48.


Package natbib Warning: Citation `MOORE1988' on page 5 undefined on input line 
48.


Package natbib Warning: Citation `TANG2012' on page 5 undefined on input line 5
6.


Package natbib Warning: Citation `KEISER2004' on page 5 undefined on input line
 59.


Package natbib Warning: Citation `ZHANG2014' on page 5 undefined on input line 
59.


Package natbib Warning: Citation `TANG2012' on page 5 undefined on input line 5
9.

[5

]

Package natbib Warning: Citation `YAMANE2006' on page 6 undefined on input line
 62.


Package natbib Warning: Citation `BRIDSON2002' on page 6 undefined on input lin
e 65.


Package natbib Warning: Citation `WEBER2011' on page 6 undefined on input line 
67.


Package natbib Warning: Citation `PROVOT1997' on page 6 undefined on input line
 67.


Package natbib Warning: Citation `TANG2012' on page 6 undefined on input line 6
7.


Package natbib Warning: Citation `YAMANE2006' on page 6 undefined on input line
 67.


Package natbib Warning: Citation `BRIDSON2002' on page 6 undefined on input lin
e 67.

) [6] (physical_principles.tex
chapter 3.

Package natbib Warning: Citation `BENDER2007' on page 7 undefined on input line
 14.


Package natbib Warning: Citation `BENDER2007' on page 7 undefined on input line
 19.

[7



]

Package natbib Warning: Citation `BENDER2007' on page 8 undefined on input line
 53.


LaTeX Warning: Reference `eq::dR_R' on page 8 undefined on input line 54.


LaTeX Warning: Reference `eq::dR_q' on page 8 undefined on input line 54.


Package natbib Warning: Citation `COUMANS2006' on page 8 undefined on input lin
e 75.


Package natbib Warning: Citation `WEBER2011' on page 8 undefined on input line 
79.


Package natbib Warning: Citation `MUELLER2004' on page 8 undefined on input lin
e 79.


LaTeX Warning: Reference `eq::defbodies_lag' on page 8 undefined on input line 
86.

[8]

Package natbib Warning: Citation `COOK1994' on page 9 undefined on input line 9
8.


LaTeX Warning: Reference `eq::defbodies_lag' on page 9 undefined on input line 
114.


Package natbib Warning: Citation `WEBER2011' on page 9 undefined on input line 
114.


LaTeX Warning: Reference `sec:RigidBodyDynamics' on page 9 undefined on input l
ine 127.


LaTeX Warning: Reference `sec:DeformaleBodyDynamics' on page 9 undefined on inp
ut line 127.

[9]

Package natbib Warning: Citation `TANG2012' on page 10 undefined on input line 
129.


LaTeX W