\BOOKMARK [0][-]{titelseite.0}{Titelseite}{}% 1
\BOOKMARK [0][-]{impressum.0}{Impressum}{}% 2
\BOOKMARK [0][-]{chapter.1}{1 Ehrenw\366rtliche Erkl\344rung}{}% 3
\BOOKMARK [0][-]{chapter.2}{2 Declaration of Academic Integrity}{}% 4
\BOOKMARK [0][-]{toc.0}{Inhaltsverzeichnis}{}% 5
\BOOKMARK [0][-]{chapter.3}{3 Introduction}{}% 6
\BOOKMARK [1][-]{section.3.1}{3.1 Main Goals}{chapter.3}% 7
\BOOKMARK [1][-]{section.3.2}{3.2 Outline}{chapter.3}% 8
\BOOKMARK [0][-]{chapter.4}{4 Fundamentals}{}% 9
\BOOKMARK [1][-]{section.4.1}{4.1 Essential Equations}{chapter.4}% 10
\BOOKMARK [2][-]{subsection.4.1.1}{4.1.1 Equations of State}{section.4.1}% 11
\BOOKMARK [2][-]{subsection.4.1.2}{4.1.2 Ideal Gas Law}{section.4.1}% 12
\BOOKMARK [2][-]{subsection.4.1.3}{4.1.3 Navier-Stokes Equations}{section.4.1}% 13
\BOOKMARK [1][-]{section.4.2}{4.2 Dimensionless Measures}{chapter.4}% 14
\BOOKMARK [2][-]{subsection.4.2.1}{4.2.1 Non-dimensional Ideal Gas Law}{section.4.2}% 15
\BOOKMARK [2][-]{subsection.4.2.2}{4.2.2 Dimensionless Navier-Stokes Equations}{section.4.2}% 16
\BOOKMARK [0][-]{chapter.5}{5 The Runge-Kutta Discontinous Galerkin Method}{}% 17
\BOOKMARK [1][-]{section.5.1}{5.1 DG Space Discretization}{chapter.5}% 18
\BOOKMARK [2][-]{subsection.5.1.1}{5.1.1 Weak Formulation}{section.5.1}% 19
\BOOKMARK [2][-]{subsection.5.1.2}{5.1.2 Numerical Fluxes}{section.5.1}% 20
\BOOKMARK [1][-]{section.5.2}{5.2 RK Time Discretization}{chapter.5}% 21
\BOOKMARK [0][-]{chapter.6}{6 The Immersed Boundary Method}{}% 22
\BOOKMARK [1][-]{section.6.1}{6.1 The DG Scheme with Immersed Boundaries}{chapter.6}% 23
\BOOKMARK [1][-]{section.6.2}{6.2 RK Time Discretisation with Immersed Boundaries}{chapter.6}% 24
\BOOKMARK [1][-]{section.6.3}{6.3 Cell Agglomeration}{chapter.6}% 25
\BOOKMARK [0][-]{chapter.7}{7 Validation of bosss Concerning Euler Equations with ibms}{}% 26
\BOOKMARK [1][-]{section.7.1}{7.1 Robustness Study}{chapter.7}% 27
\BOOKMARK [1][-]{section.7.2}{7.2 Convergence Study of Mesh Size and Polynomial Degree}{chapter.7}% 28
\BOOKMARK [1][-]{section.7.3}{7.3 Conclusion}{chapter.7}% 29
\BOOKMARK [0][-]{chapter.8}{8 The viscous cylinder}{}% 30
\BOOKMARK [1][-]{section.8.1}{8.1 Theory}{chapter.8}% 31
\BOOKMARK [2][-]{subsection.8.1.1}{8.1.1 The Laminar Steady Regime}{section.8.1}% 32
\BOOKMARK [2][-]{subsection.8.1.2}{8.1.2 Laminar Vortex Shedding}{section.8.1}% 33
\BOOKMARK [1][-]{section.8.2}{8.2 Simulations}{chapter.8}% 34
\BOOKMARK [2][-]{subsection.8.2.1}{8.2.1 Steady State Simulations \(Re < 40-50\)}{section.8.2}% 35
\BOOKMARK [2][-]{subsection.8.2.2}{8.2.2 Unsteady Simulations \(Re> 40-50\)}{section.8.2}% 36
\BOOKMARK [0][-]{chapter.9}{9 Discussion}{}% 37
\BOOKMARK [0][-]{chapter.10}{10 Bibliography}{}% 38
\BOOKMARK [0][-]{section*.36}{List of Figures}{}% 39
\BOOKMARK [0][-]{section*.39}{List of Tables}{}% 40
\BOOKMARK [0][-]{appendix.A}{A Appendix}{}% 41
\BOOKMARK [1][-]{section.A.1}{A.1 Mesh properties}{appendix.A}% 42
