This is pdfTeX, Version 3.14159265-2.6-1.40.16 (MiKTeX 2.9) (preloaded format=pdflatex 2015.11.10)  19 NOV 2015 11:14
entering extended mode
**body.tex
(body.tex
LaTeX2e <2015/10/01> patch level 1
Babel <3.9m> and hyphenation patterns for 69 languages loaded.
\@input{parts/motivation.aux}
No file parts/motivation.tex.
\@input{parts/dgmethod.aux}
No file parts/dgmethod.tex.
\@input{parts/immersedboundaries.aux}
No file parts/immersedboundaries.tex.
\@input{parts/bosss.aux}
No file parts/bosss.tex.
\@input{parts/results.aux}
No file parts/results.tex.
\@input{parts/ibmcylinder.aux}
No file parts/ibmcylinder.tex.
\@input{parts/discussion.aux}
No file parts/discussion.tex.
)
! Emergency stop.
<*> body.tex
            
*** (job aborted, no legal \end found)

 
Here is how much of TeX's memory you used:
 14 strings out of 493636
 147 string characters out of 3141322
 52602 words of memory out of 3000000
 3491 multiletter control sequences out of 15000+200000
 3640 words of font info for 14 fonts, out of 3000000 for 9000
 1025 hyphenation exceptions out of 8191
 9i,0n,5p,58b,12s stack positions out of 5000i,500n,10000p,200000b,50000s
!  ==> Fatal error occurred, no output PDF file produced!
